<?xml version="1.0" encoding="UTF-8"?>
<!-- Generated by org.testng.reporters.JUnitReportReporter -->
<testsuite hostname="Vijay" name="com.trainer.qa.testcases.LoginTest" tests="1" failures="0" timestamp="22 Jun 2018 03:53:24 GMT" time="32.930" errors="0">
  <testcase name="TrainerLogin" time="32.930" classname="com.trainer.qa.testcases.LoginTest"/>
</testsuite> <!-- com.trainer.qa.testcases.LoginTest -->
