<?xml version="1.0" encoding="UTF-8"?>
<!-- Generated by org.testng.reporters.JUnitReportReporter -->
<testsuite hostname="Vijay" name="com.trainer.qa.testcases.DailyWorkoutSessionTest" tests="2" failures="0" timestamp="12 Jun 2018 08:31:35 GMT" time="48.856" errors="0">
  <testcase name="TrainerLogin" time="17.042" classname="com.trainer.qa.testcases.DailyWorkoutSessionTest"/>
  <testcase name="DailySession" time="31.814" classname="com.trainer.qa.testcases.DailyWorkoutSessionTest"/>
</testsuite> <!-- com.trainer.qa.testcases.DailyWorkoutSessionTest -->
