<?xml version="1.0" encoding="UTF-8"?>
<!-- Generated by org.testng.reporters.JUnitReportReporter -->
<testsuite hostname="Vijay" name="com.trainer.qa.testcases.WeeklyWorkoutSessionsTest" tests="2" failures="0" timestamp="12 Jun 2018 10:39:11 GMT" time="56.476" errors="0">
  <testcase name="WeeklySession" time="41.319" classname="com.trainer.qa.testcases.WeeklyWorkoutSessionsTest"/>
  <testcase name="TrainerLogin" time="15.157" classname="com.trainer.qa.testcases.WeeklyWorkoutSessionsTest"/>
</testsuite> <!-- com.trainer.qa.testcases.WeeklyWorkoutSessionsTest -->
