<?xml version="1.0" encoding="UTF-8"?>
<!-- Generated by org.testng.reporters.JUnitReportReporter -->
<testsuite hostname="Vijay" name="com.trainer.qa.testcases.SingleWorkoutSession" tests="2" failures="0" timestamp="11 Jun 2018 10:15:00 GMT" time="41.920" errors="0">
  <testcase name="singleWorkoutSession" time="16.775" classname="com.trainer.qa.testcases.SingleWorkoutSession"/>
  <testcase name="singleWorkoutSession" time="25.145" classname="com.trainer.qa.testcases.SingleWorkoutSession"/>
</testsuite> <!-- com.trainer.qa.testcases.SingleWorkoutSession -->
