<?xml version="1.0" encoding="UTF-8"?>
<!-- Generated by org.testng.reporters.JUnitReportReporter -->
<testsuite hostname="Vijay" name="com.trainer.qa.testcases.GmailLoginTest" tests="1" failures="0" timestamp="13 Jun 2018 11:08:43 GMT" time="23.205" errors="0">
  <testcase name="GmailLogin" time="23.205" classname="com.trainer.qa.testcases.GmailLoginTest"/>
</testsuite> <!-- com.trainer.qa.testcases.GmailLoginTest -->
