<?xml version="1.0" encoding="UTF-8"?>
<!-- Generated by org.testng.reporters.JUnitReportReporter -->
<testsuite hostname="Vijay" name="com.trainer.qa.testcases.CustomWorkoutSessionsTest" tests="2" failures="0" timestamp="13 Jun 2018 06:31:08 GMT" time="52.990" errors="0">
  <testcase name="TrainerLogin" time="20.641" classname="com.trainer.qa.testcases.CustomWorkoutSessionsTest"/>
  <testcase name="CustomSession" time="32.349" classname="com.trainer.qa.testcases.CustomWorkoutSessionsTest"/>
</testsuite> <!-- com.trainer.qa.testcases.CustomWorkoutSessionsTest -->
