<?xml version="1.0" encoding="UTF-8"?>
<!-- Generated by org.testng.reporters.JUnitReportReporter -->
<testsuite hostname="Vijay" name="com.trainer.qa.testcases.FacebookLoginTest" tests="1" failures="0" timestamp="15 Jun 2018 09:05:19 GMT" time="25.232" errors="0">
  <testcase name="FacebookLogin" time="25.232" classname="com.trainer.qa.testcases.FacebookLoginTest"/>
</testsuite> <!-- com.trainer.qa.testcases.FacebookLoginTest -->
