<?xml version="1.0" encoding="UTF-8"?>
<!-- Generated by org.testng.reporters.JUnitReportReporter -->
<testsuite hostname="Vijay" name="com.trainer.qa.testcases.MonthlyWorkoutSessionTest" tests="2" failures="0" timestamp="13 Jun 2018 05:20:55 GMT" time="62.723" errors="0">
  <testcase name="TrainerLogin" time="32.166" classname="com.trainer.qa.testcases.MonthlyWorkoutSessionTest"/>
  <testcase name="MonthlySession" time="30.557" classname="com.trainer.qa.testcases.MonthlyWorkoutSessionTest"/>
</testsuite> <!-- com.trainer.qa.testcases.MonthlyWorkoutSessionTest -->
