<?xml version="1.0" encoding="UTF-8"?>
<!-- Generated by org.testng.reporters.JUnitReportReporter -->
<testsuite hostname="Vijay" name="com.trainer.qa.testcases.DailyWorkoutSession" tests="2" failures="0" timestamp="11 Jun 2018 11:58:19 GMT" time="51.429" errors="0">
  <testcase name="singleWorkoutSession" time="21.060" classname="com.trainer.qa.testcases.DailyWorkoutSession"/>
  <testcase name="DailySession" time="30.369" classname="com.trainer.qa.testcases.DailyWorkoutSession"/>
</testsuite> <!-- com.trainer.qa.testcases.DailyWorkoutSession -->
